# JRE version: Java(TM) SE Runtime Environment (8.0_25-b17) (build 1.8.0_25-b17)
# Java VM: Java HotSpot(TM) 64-Bit Server VM (25.25-b02 mixed mode linux-amd64 compressed oops)
Heap:
 PSYoungGen      total 627200K, used 6716K [0x00000000d5580000, 0x0000000100000000, 0x0000000100000000)
  eden space 555008K, 1% used [0x00000000d5580000,0x00000000d5c0f118,0x00000000f7380000)
  from space 72192K, 0% used [0x00000000fb980000,0x00000000fb980000,0x0000000100000000)
  to   space 71680K, 0% used [0x00000000f7380000,0x00000000f7380000,0x00000000fb980000)
 ParOldGen       total 377856K, used 211083K [0x0000000080000000, 0x0000000097100000, 0x00000000d5580000)
  object space 377856K, 55% used [0x0000000080000000,0x000000008ce22d30,0x0000000097100000)
 Metaspace       used 108275K, capacity 114698K, committed 114880K, reserved 1148928K
  class space    used 13250K, capacity 15291K, committed 15336K, reserved 1048576K
GC Heap History (10 events):
Event: 243.374 GC heap before
{Heap before GC invocations=23 (full 7):
 PSYoungGen      total 625664K, used 96K [0x00000000d5580000, 0x0000000100000000, 0x0000000100000000)
  eden space 554496K, 0% used [0x00000000d5580000,0x00000000d5580000,0x00000000f7300000)
  from space 71168K, 0% used [0x00000000fba80000,0x00000000fba98000,0x0000000100000000)
  to   space 72192K, 0% used [0x00000000f7300000,0x00000000f7300000,0x00000000fb980000)
 ParOldGen       total 377856K, used 209549K [0x0000000080000000, 0x0000000097100000, 0x00000000d5580000)
  object space 377856K, 55% used [0x0000000080000000,0x000000008cca3550,0x0000000097100000)
 Metaspace       used 107252K, capacity 113712K, committed 114112K, reserved 1148928K
  class space    used 13187K, capacity 15222K, committed 15336K, reserved 1048576K
Event: 244.066 GC heap after
Heap after GC invocations=23 (full 7):
 PSYoungGen      total 625664K, used 0K [0x00000000d5580000, 0x0000000100000000, 0x0000000100000000)
  eden space 554496K, 0% used [0x00000000d5580000,0x00000000d5580000,0x00000000f7300000)
  from space 71168K, 0% used [0x00000000fba80000,0x00000000fba80000,0x0000000100000000)
  to   space 72192K, 0% used [0x00000000f7300000,0x00000000f7300000,0x00000000fb980000)
 ParOldGen       total 377856K, used 209552K [0x0000000080000000, 0x0000000097100000, 0x00000000d5580000)
  object space 377856K, 55% used [0x0000000080000000,0x000000008cca41c0,0x0000000097100000)
 Metaspace       used 107252K, capacity 113712K, committed 114112K, reserved 1148928K
  class space    used 13187K, capacity 15222K, committed 15336K, reserved 1048576K
}
Event: 303.371 GC heap before
{Heap before GC invocations=24 (full 7):
 PSYoungGen      total 625664K, used 44137K [0x00000000d5580000, 0x0000000100000000, 0x0000000100000000)
  eden space 554496K, 7% used [0x00000000d5580000,0x00000000d809a718,0x00000000f7300000)
  from space 71168K, 0% used [0x00000000fba80000,0x00000000fba80000,0x0000000100000000)
  to   space 72192K, 0% used [0x00000000f7300000,0x00000000f7300000,0x00000000fb980000)
 ParOldGen       total 377856K, used 209552K [0x0000000080000000, 0x0000000097100000, 0x00000000d5580000)
  object space 377856K, 55% used [0x0000000080000000,0x000000008cca41c0,0x0000000097100000)
 Metaspace       used 107472K, capacity 113840K, committed 114112K, reserved 1148928K
  class space    used 13194K, capacity 15222K, committed 15336K, reserved 1048576K
Event: 303.378 GC heap after
Heap after GC invocations=24 (full 7):
 PSYoungGen      total 626688K, used 1976K [0x00000000d5580000, 0x0000000100000000, 0x0000000100000000)
  eden space 554496K, 0% used [0x00000000d5580000,0x00000000d5580000,0x00000000f7300000)
  from space 72192K, 2% used [0x00000000f7300000,0x00000000f74ee3b8,0x00000000fb980000)
  to   space 72192K, 0% used [0x00000000fb980000,0x00000000fb980000,0x0000000100000000)
 ParOldGen       total 377856K, used 209552K [0x0000000080000000, 0x0000000097100000, 0x00000000d5580000)
  object space 377856K, 55% used [0x0000000080000000,0x000000008cca41c0,0x0000000097100000)
 Metaspace       used 107472K, capacity 113840K, committed 114112K, reserved 1148928K
  class space    used 13194K, capacity 15222K, committed 15336K, reserved 1048576K
}
Event: 303.378 GC heap before
{Heap before GC invocations=25 (full 8):
 PSYoungGen      total 626688K, used 1976K [0x00000000d5580000, 0x0000000100000000, 0x0000000100000000)
  eden space 554496K, 0% used [0x00000000d5580000,0x00000000d5580000,0x00000000f7300000)
  from space 72192K, 2% used [0x00000000f7300000,0x00000000f74ee3b8,0x00000000fb980000)
  to   space 72192K, 0% used [0x00000000fb980000,0x00000000fb980000,0x0000000100000000)
 ParOldGen       total 377856K, used 209552K [0x0000000080000000, 0x0000000097100000, 0x00000000d5580000)
  object space 377856K, 55% used [0x0000000080000000,0x000000008cca41c0,0x0000000097100000)
 Metaspace       used 107472K, capacity 113840K, committed 114112K, reserved 1148928K
  class space    used 13194K, capacity 15222K, committed 15336K, reserved 1048576K
Event: 304.069 GC heap after
Heap after GC invocations=25 (full 8):
 PSYoungGen      total 626688K, used 0K [0x00000000d5580000, 0x0000000100000000, 0x0000000100000000)
  eden space 554496K, 0% used [0x00000000d5580000,0x00000000d5580000,0x00000000f7300000)
  from space 72192K, 0% used [0x00000000f7300000,0x00000000f7300000,0x00000000fb980000)
  to   space 72192K, 0% used [0x00000000fb980000,0x00000000fb980000,0x0000000100000000)
 ParOldGen       total 377856K, used 210178K [0x0000000080000000, 0x0000000097100000, 0x00000000d5580000)
  object space 377856K, 55% used [0x0000000080000000,0x000000008cd40918,0x0000000097100000)
 Metaspace       used 107472K, capacity 113840K, committed 114112K, reserved 1148928K
  class space    used 13194K, capacity 15222K, committed 15336K, reserved 1048576K
}
Event: 363.371 GC heap before
{Heap before GC invocations=26 (full 8):
 PSYoungGen      total 626688K, used 45486K [0x00000000d5580000, 0x0000000100000000, 0x0000000100000000)
  eden space 554496K, 8% used [0x00000000d5580000,0x00000000d81eb830,0x00000000f7300000)
  from space 72192K, 0% used [0x00000000f7300000,0x00000000f7300000,0x00000000fb980000)
  to   space 72192K, 0% used [0x00000000fb980000,0x00000000fb980000,0x0000000100000000)
 ParOldGen       total 377856K, used 210178K [0x0000000080000000, 0x0000000097100000, 0x00000000d5580000)
  object space 377856K, 55% used [0x0000000080000000,0x000000008cd40918,0x0000000097100000)
 Metaspace       used 108272K, capacity 114698K, committed 114880K, reserved 1148928K
  class space    used 13250K, capacity 15291K, committed 15336K, reserved 1048576K
Event: 363.379 GC heap after
Heap after GC invocations=26 (full 8):
 PSYoungGen      total 627200K, used 1403K [0x00000000d5580000, 0x0000000100000000, 0x0000000100000000)
  eden space 555008K, 0% used [0x00000000d5580000,0x00000000d5580000,0x00000000f7380000)
  from space 72192K, 1% used [0x00000000fb980000,0x00000000fbadee00,0x0000000100000000)
  to   space 71680K, 0% used [0x00000000f7380000,0x00000000f7380000,0x00000000fb980000)
 ParOldGen       total 377856K, used 210250K [0x0000000080000000, 0x0000000097100000, 0x00000000d5580000)
  object space 377856K, 55% used [0x0000000080000000,0x000000008cd52928,0x0000000097100000)
 Metaspace       used 108272K, capacity 114698K, committed 114880K, reserved 1148928K
  class space    used 13250K, capacity 15291K, committed 15336K, reserved 1048576K
}
Event: 363.379 GC heap before
{Heap before GC invocations=27 (full 9):
 PSYoungGen      total 627200K, used 1403K [0x00000000d5580000, 0x0000000100000000, 0x0000000100000000)
  eden space 555008K, 0% used [0x00000000d5580000,0x00000000d5580000,0x00000000f7380000)
  from space 72192K, 1% used [0x00000000fb980000,0x00000000fbadee00,0x0000000100000000)
  to   space 71680K, 0% used [0x00000000f7380000,0x00000000f7380000,0x00000000fb980000)
 ParOldGen       total 377856K, used 210250K [0x0000000080000000, 0x0000000097100000, 0x00000000d5580000)
  object space 377856K, 55% used [0x0000000080000000,0x000000008cd52928,0x0000000097100000)
 Metaspace       used 108272K, capacity 114698K, committed 114880K, reserved 1148928K
  class space    used 13250K, capacity 15291K, committed 15336K, reserved 1048576K
Event: 364.333 GC heap after
Heap after GC invocations=27 (full 9):
 PSYoungGen      total 627200K, used 0K [0x00000000d5580000, 0x0000000100000000, 0x0000000100000000)
  eden space 555008K, 0% used [0x00000000d5580000,0x00000000d5580000,0x00000000f7380000)
  from space 72192K, 0% used [0x00000000fb980000,0x00000000fb980000,0x0000000100000000)
  to   space 71680K, 0% used [0x00000000f7380000,0x00000000f7380000,0x00000000fb980000)
 ParOldGen       total 377856K, used 211083K [0x0000000080000000, 0x0000000097100000, 0x00000000d5580000)
  object space 377856K, 55% used [0x0000000080000000,0x000000008ce22d30,0x0000000097100000)
 Metaspace       used 108272K, capacity 114698K, committed 114880K, reserved 1148928K
  class space    used 13250K, capacity 15291K, committed 15336K, reserved 1048576K
}

